+ mkdir -p xenial/armhf/rootfs
+ /usr/sbin/qemu-debootstrap --arch=armhf --variant=minbase --components=main,universe --include=inetutils-ping,iproute2 xenial xenial/armhf/rootfs http://ports.ubuntu.com/ubuntu-ports
I: Running command: debootstrap --arch armhf --foreign --variant=minbase --components=main,universe --include=inetutils-ping,iproute2 xenial xenial/armhf/rootfs http://ports.ubuntu.com/ubuntu-ports
I: Retrieving Release 
I: Retrieving Release.gpg 
I: Checking Release signature
I: Valid Release signature (key id 790BC7277767219C42C86F933B4FE6ACC0B21F32)
I: Retrieving Packages 
I: Validating Packages 
I: Retrieving Packages 
I: Validating Packages 
I: Resolving dependencies of required packages...
I: Resolving dependencies of base packages...
I: Found additional required dependencies: init-system-helpers 
I: Found additional base dependencies: gnupg gpgv libapt-pkg5.0 libreadline6 libstdc++6 libusb-0.1-4 netbase readline-common ubuntu-keyring 
I: Checking component main on http://ports.ubuntu.com/ubuntu-ports...
I: Checking component universe on http://ports.ubuntu.com/ubuntu-ports...
I: Retrieving adduser 3.113+nmu3ubuntu4
I: Validating adduser 3.113+nmu3ubuntu4
I: Retrieving apt 1.1.10
I: Validating apt 1.1.10
I: Retrieving base-files 9.4ubuntu3
I: Validating base-files 9.4ubuntu3
I: Retrieving base-passwd 3.5.39
I: Validating base-passwd 3.5.39
I: Retrieving bash 4.3-14ubuntu1
I: Validating bash 4.3-14ubuntu1
I: Retrieving bsdutils 1:2.27.1-1ubuntu3
I: Validating bsdutils 1:2.27.1-1ubuntu3
I: Retrieving coreutils 8.23-4ubuntu2
I: Validating coreutils 8.23-4ubuntu2
I: Retrieving dash 0.5.7-4ubuntu2
I: Validating dash 0.5.7-4ubuntu2
I: Retrieving debconf 1.5.58ubuntu1
I: Validating debconf 1.5.58ubuntu1
I: Retrieving debianutils 4.7
I: Validating debianutils 4.7
I: Retrieving diffutils 1:3.3-3
I: Validating diffutils 1:3.3-3
I: Retrieving dpkg 1.18.4ubuntu1
I: Validating dpkg 1.18.4ubuntu1
I: Retrieving e2fslibs 1.42.13-1ubuntu1
I: Validating e2fslibs 1.42.13-1ubuntu1
I: Retrieving e2fsprogs 1.42.13-1ubuntu1
I: Validating e2fsprogs 1.42.13-1ubuntu1
I: Retrieving findutils 4.6.0-2
I: Validating findutils 4.6.0-2
I: Retrieving gcc-5-base 5.3.1-7ubuntu1
I: Validating gcc-5-base 5.3.1-7ubuntu1
I: Retrieving gnupg 1.4.20-1ubuntu1
I: Validating gnupg 1.4.20-1ubuntu1
I: Retrieving gpgv 1.4.20-1ubuntu1
I: Validating gpgv 1.4.20-1ubuntu1
I: Retrieving grep 2.21-2
I: Validating grep 2.21-2
I: Retrieving gzip 1.6-4ubuntu1
I: Validating gzip 1.6-4ubuntu1
I: Retrieving hostname 3.16ubuntu2
I: Validating hostname 3.16ubuntu2
I: Retrieving init 1.26ubuntu2
I: Validating init 1.26ubuntu2
I: Retrieving init-system-helpers 1.26ubuntu2
I: Validating init-system-helpers 1.26ubuntu2
I: Retrieving initscripts 2.88dsf-59.3ubuntu1
I: Validating initscripts 2.88dsf-59.3ubuntu1
I: Retrieving insserv 1.14.0-5ubuntu3
I: Validating insserv 1.14.0-5ubuntu3
I: Retrieving iproute2 4.3.0-1ubuntu1
I: Validating iproute2 4.3.0-1ubuntu1
I: Retrieving libacl1 2.2.52-2
I: Validating libacl1 2.2.52-2
I: Retrieving libapparmor1 2.10-0ubuntu12
I: Validating libapparmor1 2.10-0ubuntu12
I: Retrieving libapt-pkg5.0 1.1.10
I: Validating libapt-pkg5.0 1.1.10
I: Retrieving libattr1 1:2.4.47-2
I: Validating libattr1 1:2.4.47-2
I: Retrieving libaudit-common 1:2.4.5-1ubuntu2
I: Validating libaudit-common 1:2.4.5-1ubuntu2
I: Retrieving libaudit1 1:2.4.5-1ubuntu2
I: Validating libaudit1 1:2.4.5-1ubuntu2
I: Retrieving libblkid1 2.27.1-1ubuntu3
I: Validating libblkid1 2.27.1-1ubuntu3
I: Retrieving libbz2-1.0 1.0.6-8
I: Validating libbz2-1.0 1.0.6-8
I: Retrieving libc-bin 2.21-0ubuntu5
I: Validating libc-bin 2.21-0ubuntu5
I: Retrieving libc6 2.21-0ubuntu5
I: Validating libc6 2.21-0ubuntu5
I: Retrieving libcap2 1:2.24-12
I: Validating libcap2 1:2.24-12
I: Retrieving libcap2-bin 1:2.24-12
I: Validating libcap2-bin 1:2.24-12
I: Retrieving libcomerr2 1.42.13-1ubuntu1
I: Validating libcomerr2 1.42.13-1ubuntu1
I: Retrieving libcryptsetup4 2:1.6.6-5ubuntu2
I: Validating libcryptsetup4 2:1.6.6-5ubuntu2
I: Retrieving libdb5.3 5.3.28-11
I: Validating libdb5.3 5.3.28-11
I: Retrieving libdebconfclient0 0.198ubuntu1
I: Validating libdebconfclient0 0.198ubuntu1
I: Retrieving libdevmapper1.02.1 2:1.02.110-1ubuntu4
I: Validating libdevmapper1.02.1 2:1.02.110-1ubuntu4
I: Retrieving libfdisk1 2.27.1-1ubuntu3
I: Validating libfdisk1 2.27.1-1ubuntu3
I: Retrieving libgcc1 1:5.3.1-7ubuntu1
I: Validating libgcc1 1:5.3.1-7ubuntu1
I: Retrieving libgcrypt20 1.6.4-5
I: Validating libgcrypt20 1.6.4-5
I: Retrieving libgpg-error0 1.21-1
I: Validating libgpg-error0 1.21-1
I: Retrieving libkmod2 21-1ubuntu1
I: Validating libkmod2 21-1ubuntu1
I: Retrieving liblzma5 5.1.1alpha+20120614-2ubuntu2
I: Validating liblzma5 5.1.1alpha+20120614-2ubuntu2
I: Retrieving libmount1 2.27.1-1ubuntu3
I: Validating libmount1 2.27.1-1ubuntu3
I: Retrieving libncurses5 6.0+20151024-2ubuntu1
I: Validating libncurses5 6.0+20151024-2ubuntu1
I: Retrieving libncursesw5 6.0+20151024-2ubuntu1
I: Validating libncursesw5 6.0+20151024-2ubuntu1
I: Retrieving libpam-modules 1.1.8-3.1ubuntu3
I: Validating libpam-modules 1.1.8-3.1ubuntu3
I: Retrieving libpam-modules-bin 1.1.8-3.1ubuntu3
I: Validating libpam-modules-bin 1.1.8-3.1ubuntu3
I: Retrieving libpam-runtime 1.1.8-3.1ubuntu3
I: Validating libpam-runtime 1.1.8-3.1ubuntu3
I: Retrieving libpam0g 1.1.8-3.1ubuntu3
I: Validating libpam0g 1.1.8-3.1ubuntu3
I: Retrieving libpcre3 2:8.38-1ubuntu1
I: Validating libpcre3 2:8.38-1ubuntu1
I: Retrieving libprocps4 2:3.3.10-4ubuntu2
I: Validating libprocps4 2:3.3.10-4ubuntu2
I: Retrieving libreadline6 6.3-8ubuntu1
I: Validating libreadline6 6.3-8ubuntu1
I: Retrieving libseccomp2 2.2.3-2ubuntu3
I: Validating libseccomp2 2.2.3-2ubuntu3
I: Retrieving libselinux1 2.4-3build1
I: Validating libselinux1 2.4-3build1
I: Retrieving libsemanage-common 2.3-1build2
I: Validating libsemanage-common 2.3-1build2
I: Retrieving libsemanage1 2.3-1build2
I: Validating libsemanage1 2.3-1build2
I: Retrieving libsepol1 2.4-2
I: Validating libsepol1 2.4-2
I: Retrieving libsmartcols1 2.27.1-1ubuntu3
I: Validating libsmartcols1 2.27.1-1ubuntu3
I: Retrieving libss2 1.42.13-1ubuntu1
I: Validating libss2 1.42.13-1ubuntu1
I: Retrieving libstdc++6 5.3.1-7ubuntu1
I: Validating libstdc++6 5.3.1-7ubuntu1
I: Retrieving libsystemd0 228-4ubuntu2
I: Validating libsystemd0 228-4ubuntu2
I: Retrieving libtinfo5 6.0+20151024-2ubuntu1
I: Validating libtinfo5 6.0+20151024-2ubuntu1
I: Retrieving libudev1 228-4ubuntu2
I: Validating libudev1 228-4ubuntu2
I: Retrieving libusb-0.1-4 2:0.1.12-28
I: Validating libusb-0.1-4 2:0.1.12-28
I: Retrieving libustr-1.0-1 1.0.4-5
I: Validating libustr-1.0-1 1.0.4-5
I: Retrieving libuuid1 2.27.1-1ubuntu3
I: Validating libuuid1 2.27.1-1ubuntu3
I: Retrieving locales 2.13+git20120306-21
I: Validating locales 2.13+git20120306-21
I: Retrieving login 1:4.2-3.1ubuntu1
I: Validating login 1:4.2-3.1ubuntu1
I: Retrieving lsb-base 9.20160110
I: Validating lsb-base 9.20160110
I: Retrieving makedev 2.3.1-93ubuntu1
I: Validating makedev 2.3.1-93ubuntu1
I: Retrieving mawk 1.3.3-17ubuntu2
I: Validating mawk 1.3.3-17ubuntu2
I: Retrieving mount 2.27.1-1ubuntu3
I: Validating mount 2.27.1-1ubuntu3
I: Retrieving multiarch-support 2.21-0ubuntu5
I: Validating multiarch-support 2.21-0ubuntu5
I: Retrieving ncurses-base 6.0+20151024-2ubuntu1
I: Validating ncurses-base 6.0+20151024-2ubuntu1
I: Retrieving ncurses-bin 6.0+20151024-2ubuntu1
I: Validating ncurses-bin 6.0+20151024-2ubuntu1
I: Retrieving netbase 5.3
I: Validating netbase 5.3
I: Retrieving passwd 1:4.2-3.1ubuntu1
I: Validating passwd 1:4.2-3.1ubuntu1
I: Retrieving perl-base 5.22.1-5
I: Validating perl-base 5.22.1-5
I: Retrieving procps 2:3.3.10-4ubuntu2
I: Validating procps 2:3.3.10-4ubuntu2
I: Retrieving readline-common 6.3-8ubuntu1
I: Validating readline-common 6.3-8ubuntu1
I: Retrieving sed 4.2.2-6.1
I: Validating sed 4.2.2-6.1
I: Retrieving sensible-utils 0.0.9
I: Validating sensible-utils 0.0.9
I: Retrieving systemd 228-4ubuntu2
I: Validating systemd 228-4ubuntu2
I: Retrieving systemd-sysv 228-4ubuntu2
I: Validating systemd-sysv 228-4ubuntu2
I: Retrieving sysv-rc 2.88dsf-59.3ubuntu1
I: Validating sysv-rc 2.88dsf-59.3ubuntu1
I: Retrieving sysvinit-utils 2.88dsf-59.3ubuntu1
I: Validating sysvinit-utils 2.88dsf-59.3ubuntu1
I: Retrieving tar 1.28-2.1
I: Validating tar 1.28-2.1
I: Retrieving tzdata 2016a-1
I: Validating tzdata 2016a-1
I: Retrieving ubuntu-keyring 2012.05.19
I: Validating ubuntu-keyring 2012.05.19
I: Retrieving util-linux 2.27.1-1ubuntu3
I: Validating util-linux 2.27.1-1ubuntu3
I: Retrieving zlib1g 1:1.2.8.dfsg-2ubuntu4
I: Validating zlib1g 1:1.2.8.dfsg-2ubuntu4
I: Retrieving inetutils-ping 2:1.9.4-1
I: Validating inetutils-ping 2:1.9.4-1
I: Chosen extractor for .deb packages: dpkg-deb
I: Extracting adduser...
I: Extracting base-files...
I: Extracting base-passwd...
I: Extracting bash...
I: Extracting bsdutils...
I: Extracting coreutils...
I: Extracting dash...
I: Extracting debconf...
I: Extracting debianutils...
I: Extracting diffutils...
I: Extracting dpkg...
I: Extracting e2fslibs...
I: Extracting e2fsprogs...
I: Extracting findutils...
I: Extracting gcc-5-base...
I: Extracting grep...
I: Extracting gzip...
I: Extracting hostname...
I: Extracting init...
I: Extracting init-system-helpers...
I: Extracting initscripts...
I: Extracting insserv...
I: Extracting libacl1...
I: Extracting libapparmor1...
I: Extracting libattr1...
I: Extracting libaudit-common...
I: Extracting libaudit1...
I: Extracting libblkid1...
I: Extracting libbz2-1.0...
I: Extracting libc-bin...
I: Extracting libc6...
I: Extracting libcap2...
I: Extracting libcap2-bin...
I: Extracting libcomerr2...
I: Extracting libcryptsetup4...
I: Extracting libdb5.3...
I: Extracting libdebconfclient0...
I: Extracting libdevmapper1.02.1...
I: Extracting libfdisk1...
I: Extracting libgcc1...
I: Extracting libgcrypt20...
I: Extracting libgpg-error0...
I: Extracting libkmod2...
I: Extracting liblzma5...
I: Extracting libmount1...
I: Extracting libncurses5...
I: Extracting libncursesw5...
I: Extracting libpam-modules...
I: Extracting libpam-modules-bin...
I: Extracting libpam-runtime...
I: Extracting libpam0g...
I: Extracting libpcre3...
I: Extracting libprocps4...
I: Extracting libseccomp2...
I: Extracting libselinux1...
I: Extracting libsemanage-common...
I: Extracting libsemanage1...
I: Extracting libsepol1...
I: Extracting libsmartcols1...
I: Extracting libss2...
I: Extracting libsystemd0...
I: Extracting libtinfo5...
I: Extracting libudev1...
I: Extracting libustr-1.0-1...
I: Extracting libuuid1...
I: Extracting locales...
I: Extracting login...
I: Extracting lsb-base...
I: Extracting makedev...
I: Extracting mawk...
I: Extracting mount...
I: Extracting multiarch-support...
I: Extracting ncurses-base...
I: Extracting ncurses-bin...
I: Extracting passwd...
I: Extracting perl-base...
I: Extracting procps...
I: Extracting sed...
I: Extracting sensible-utils...
I: Extracting systemd...
I: Extracting systemd-sysv...
I: Extracting sysv-rc...
I: Extracting sysvinit-utils...
I: Extracting tar...
I: Extracting tzdata...
I: Extracting util-linux...
I: Extracting zlib1g...
I: Running command: chroot xenial/armhf/rootfs /debootstrap/debootstrap --second-stage
I: Keyring file not available at /usr/share/keyrings/ubuntu-archive-keyring.gpg; switching to https mirror https://mirrors.kernel.org/debian
I: Installing core packages...
I: Unpacking required packages...
I: Unpacking adduser...
I: Unpacking base-files...
I: Unpacking base-passwd...
I: Unpacking bash...
I: Unpacking bsdutils...
I: Unpacking coreutils...
I: Unpacking dash...
I: Unpacking debconf...
I: Unpacking debianutils...
I: Unpacking diffutils...
I: Unpacking dpkg...
I: Unpacking e2fslibs:armhf...
I: Unpacking e2fsprogs...
I: Unpacking findutils...
I: Unpacking gcc-5-base:armhf...
I: Unpacking grep...
I: Unpacking gzip...
I: Unpacking hostname...
I: Unpacking init...
I: Unpacking init-system-helpers...
I: Unpacking initscripts...
I: Unpacking insserv...
I: Unpacking libacl1:armhf...
I: Unpacking libapparmor1:armhf...
I: Unpacking libattr1:armhf...
I: Unpacking libaudit-common...
I: Unpacking libaudit1:armhf...
I: Unpacking libblkid1:armhf...
I: Unpacking libbz2-1.0:armhf...
I: Unpacking libc-bin...
I: Unpacking libc6:armhf...
I: Unpacking libcap2:armhf...
I: Unpacking libcap2-bin...
I: Unpacking libcomerr2:armhf...
I: Unpacking libcryptsetup4:armhf...
I: Unpacking libdb5.3:armhf...
I: Unpacking libdebconfclient0:armhf...
I: Unpacking libdevmapper1.02.1:armhf...
I: Unpacking libfdisk1:armhf...
I: Unpacking libgcc1:armhf...
I: Unpacking libgcrypt20:armhf...
I: Unpacking libgpg-error0:armhf...
I: Unpacking libkmod2:armhf...
I: Unpacking liblzma5:armhf...
I: Unpacking libmount1:armhf...
I: Unpacking libncurses5:armhf...
I: Unpacking libncursesw5:armhf...
I: Unpacking libpam-modules:armhf...
I: Unpacking libpam-modules-bin...
I: Unpacking libpam-runtime...
I: Unpacking libpam0g:armhf...
I: Unpacking libpcre3:armhf...
I: Unpacking libprocps4:armhf...
I: Unpacking libseccomp2:armhf...
I: Unpacking libselinux1:armhf...
I: Unpacking libsemanage-common...
I: Unpacking libsemanage1:armhf...
I: Unpacking libsepol1:armhf...
I: Unpacking libsmartcols1:armhf...
I: Unpacking libss2:armhf...
I: Unpacking libsystemd0:armhf...
I: Unpacking libtinfo5:armhf...
I: Unpacking libudev1:armhf...
I: Unpacking libustr-1.0-1:armhf...
I: Unpacking libuuid1:armhf...
I: Unpacking locales...
I: Unpacking login...
I: Unpacking lsb-base...
I: Unpacking makedev...
I: Unpacking mawk...
I: Unpacking mount...
I: Unpacking multiarch-support...
I: Unpacking ncurses-base...
I: Unpacking ncurses-bin...
I: Unpacking passwd...
I: Unpacking perl-base...
I: Unpacking procps...
I: Unpacking sed...
I: Unpacking sensible-utils...
I: Unpacking systemd...
I: Unpacking systemd-sysv...
I: Unpacking sysv-rc...
I: Unpacking sysvinit-utils...
I: Unpacking tar...
I: Unpacking tzdata...
I: Unpacking util-linux...
I: Unpacking zlib1g:armhf...
I: Configuring required packages...
I: Configuring lsb-base...
I: Configuring sensible-utils...
I: Configuring ncurses-base...
I: Configuring libsemanage-common...
I: Configuring libaudit-common...
I: Configuring gcc-5-base:armhf...
I: Configuring libc6:armhf...
I: Configuring libbz2-1.0:armhf...
I: Configuring libkmod2:armhf...
I: Configuring libgpg-error0:armhf...
I: Configuring libseccomp2:armhf...
I: Configuring libapparmor1:armhf...
I: Configuring libdebconfclient0:armhf...
I: Configuring diffutils...
I: Configuring insserv...
I: Configuring libcomerr2:armhf...
I: Configuring locales...
I: Configuring libsepol1:armhf...
I: Configuring libgcc1:armhf...
I: Configuring libustr-1.0-1:armhf...
I: Configuring libsmartcols1:armhf...
I: Configuring libaudit1:armhf...
I: Configuring libtinfo5:armhf...
I: Configuring libudev1:armhf...
I: Configuring libss2:armhf...
I: Configuring base-passwd...
I: Configuring e2fslibs:armhf...
I: Configuring debianutils...
I: Configuring libgcrypt20:armhf...
I: Configuring libncursesw5:armhf...
I: Configuring libdb5.3:armhf...
I: Configuring zlib1g:armhf...
I: Configuring hostname...
I: Configuring multiarch-support...
I: Configuring mawk...
I: Configuring libcap2:armhf...
I: Configuring libpcre3:armhf...
I: Configuring base-files...
I: Configuring libc-bin...
I: Configuring libselinux1:armhf...
I: Configuring findutils...
I: Configuring ncurses-bin...
I: Configuring libncurses5:armhf...
I: Configuring makedev...
I: Configuring libattr1:armhf...
I: Configuring liblzma5:armhf...
I: Configuring libcap2-bin...
I: Configuring libsystemd0:armhf...
I: Configuring libdevmapper1.02.1:armhf...
I: Configuring libsemanage1:armhf...
I: Configuring libacl1:armhf...
I: Configuring libprocps4:armhf...
I: Configuring bsdutils...
I: Configuring coreutils...
I: Configuring tar...
I: Configuring dpkg...
I: Configuring sed...
I: Configuring perl-base...
I: Configuring grep...
I: Configuring debconf...
I: Configuring tzdata...
I: Configuring gzip...
I: Configuring dash...
I: Configuring init-system-helpers...
I: Configuring sysvinit-utils...
I: Configuring sysv-rc...
I: Configuring libpam0g:armhf...
I: Configuring initscripts...
I: Configuring libpam-modules-bin...
I: Configuring bash...
I: Configuring procps...
I: Configuring libpam-modules:armhf...
I: Configuring libpam-runtime...
I: Configuring passwd...
I: Configuring login...
I: Configuring adduser...
I: Configuring libuuid1:armhf...
I: Configuring libblkid1:armhf...
I: Configuring libmount1:armhf...
I: Configuring libcryptsetup4:armhf...
I: Configuring mount...
I: Configuring libfdisk1:armhf...
I: Configuring util-linux...
I: Configuring e2fsprogs...
I: Configuring systemd...
I: Configuring systemd-sysv...
I: Configuring init...
I: Configuring libc-bin...
I: Unpacking the base system...
I: Unpacking apt...
I: Unpacking gnupg...
I: Unpacking gpgv...
I: Unpacking iproute2...
I: Unpacking libapt-pkg5.0:armhf...
I: Unpacking libreadline6:armhf...
I: Unpacking libstdc++6:armhf...
I: Unpacking libusb-0.1-4:armhf...
I: Unpacking netbase...
I: Unpacking readline-common...
I: Unpacking ubuntu-keyring...
I: Unpacking inetutils-ping...
I: Configuring the base system...
I: Configuring readline-common...
I: Configuring gpgv...
I: Configuring iproute2...
I: Configuring libstdc++6:armhf...
I: Configuring libusb-0.1-4:armhf...
I: Configuring ubuntu-keyring...
I: Configuring libreadline6:armhf...
I: Configuring netbase...
I: Configuring libapt-pkg5.0:armhf...
I: Configuring inetutils-ping...
I: Configuring gnupg...
I: Configuring apt...
I: Configuring libc-bin...
I: Base system installed successfully.
+ echo exit 101 > 'xenial/armhf/rootfs/usr/sbin/policy-rc.d'
+ rootfs_chroot dpkg-divert --local --rename --add /sbin/initctl
+ PATH=/usr/local/sbin:/usr/local/bin:/usr/sbin:/usr/bin:/sbin:/bin
+ /usr/sbin/chroot xenial/armhf/rootfs dpkg-divert --local --rename --add /sbin/initctl
Adding 'local diversion of /sbin/initctl to /sbin/initctl.distrib'
+ cp -a xenial/armhf/rootfs/usr/sbin/policy-rc.d xenial/armhf/rootfs/sbin/initctl
+ sed -i 's/^exit.*/exit 0/' xenial/armhf/rootfs/sbin/initctl
+ rootfs_chroot apt-get clean
+ PATH=/usr/local/sbin:/usr/local/bin:/usr/sbin:/usr/bin:/sbin:/bin
+ /usr/sbin/chroot xenial/armhf/rootfs apt-get clean
+ echo force-unsafe-io > 'xenial/armhf/rootfs/etc/dpkg/dpkg.cfg.d/docker-apt-speedup'
+ cat > 'xenial/armhf/rootfs/etc/apt/apt.conf.d/docker-clean'
+ echo Acquire::Languages 'none' > 'xenial/armhf/rootfs/etc/apt/apt.conf.d/docker-no-languages'
+ echo Acquire::GzipIndexes 'true' > 'xenial/armhf/rootfs/etc/apt/apt.conf.d/docker-gzip-indexes'
+ echo Apt::AutoRemove::SuggestsImportant 'false' > 'xenial/armhf/rootfs/etc/apt/apt.conf.d/docker-autoremove-suggests'
+ sed -i '
					p;
					s/ xenial / xenial-updates /; p;
					s/ xenial-updates / xenial-security /
				' xenial/armhf/rootfs/etc/apt/sources.list
+ rootfs_chroot sh -xc 'apt-get update && apt-get dist-upgrade -y'
+ PATH=/usr/local/sbin:/usr/local/bin:/usr/sbin:/usr/bin:/sbin:/bin
+ /usr/sbin/chroot xenial/armhf/rootfs sh -xc 'apt-get update && apt-get dist-upgrade -y'
+ apt-get update
Get:1 http://ports.ubuntu.com/ubuntu-ports xenial InRelease [237 kB]
Get:2 http://ports.ubuntu.com/ubuntu-ports xenial-updates InRelease [82.2 kB]
Get:3 http://ports.ubuntu.com/ubuntu-ports xenial-security InRelease [82.2 kB]
Get:4 http://ports.ubuntu.com/ubuntu-ports xenial/main armhf Packages [1873 kB]
Get:5 http://ports.ubuntu.com/ubuntu-ports xenial-updates/main armhf Packages [40 B]
Get:6 http://ports.ubuntu.com/ubuntu-ports xenial-security/main armhf Packages [40 B]
Fetched 2275 kB in 9s (233 kB/s)
Reading package lists...
+ apt-get dist-upgrade -y
Reading package lists...
Building dependency tree...
Calculating upgrade...
0 upgraded, 0 newly installed, 0 to remove and 0 not upgraded.
+ rm -rf xenial/armhf/rootfs/var/lib/apt/lists/lock xenial/armhf/rootfs/var/lib/apt/lists/partial xenial/armhf/rootfs/var/lib/apt/lists/ports.ubuntu.com_ubuntu-ports_dists_xenial_InRelease xenial/armhf/rootfs/var/lib/apt/lists/ports.ubuntu.com_ubuntu-ports_dists_xenial_main_binary-armhf_Packages.gz xenial/armhf/rootfs/var/lib/apt/lists/ports.ubuntu.com_ubuntu-ports_dists_xenial-security_InRelease xenial/armhf/rootfs/var/lib/apt/lists/ports.ubuntu.com_ubuntu-ports_dists_xenial-security_main_binary-armhf_Packages.gz xenial/armhf/rootfs/var/lib/apt/lists/ports.ubuntu.com_ubuntu-ports_dists_xenial-updates_InRelease xenial/armhf/rootfs/var/lib/apt/lists/ports.ubuntu.com_ubuntu-ports_dists_xenial-updates_main_binary-armhf_Packages.gz
+ mkdir xenial/armhf/rootfs/var/lib/apt/lists/partial
+ tar --numeric-owner --create --auto-compress --file xenial/armhf/rootfs.tar.xz --directory xenial/armhf/rootfs '--transform=s,^./,,' .
+ cat > 'xenial/armhf/Dockerfile'
+ echo 'CMD ["/bin/bash"]'
+ rm -rf xenial/armhf/rootfs
